10:44:18.948 [main] INFO  com.cloudwalk.fire.RobotApplication - Starting RobotApplication v0.0.1-SNAPSHOT on arsl with PID 7292 (/home/zech/http_ws/robot-api-0.0.1-SNAPSHOT-2.jar started by zech in /home/zech/http_ws) 
10:44:18.954 [main] INFO  com.cloudwalk.fire.RobotApplication - No active profile set, falling back to default profiles: default 
10:44:20.658 [main] INFO  o.s.b.w.e.tomcat.TomcatWebServer - Tomcat initialized with port(s): 8080 (http) 
10:44:20.713 [main] INFO  o.a.catalina.core.StandardService - Starting service [Tomcat] 
10:44:20.713 [main] INFO  o.a.catalina.core.StandardEngine - Starting Servlet engine: [Apache Tomcat/9.0.16] 
10:44:20.739 [main] INFO  o.a.c.core.AprLifecycleListener - The APR based Apache Tomcat Native library which allows optimal performance in production environments was not found on the java.library.path: [/home/zech/http_ws/devel/lib:/home/zech/Laikago_ws/devel/lib:/home/zech/catkin_ws/devel/lib:/home/zech/catkin_ws_ios/devel_isolated/pose2odom/lib:/home/zech/catkin_ws_ios/devel_isolated/pose_translator/lib:/home/zech/catkin_ws_ios/devel_isolated/pose_trans/lib:/home/zech/catkin_ws_ios/devel_isolated/orb_slam2_ros/lib:/home/zech/catkin_ws_ios/devel_isolated/multi_dof_joint_trajectory_rviz_plugins/lib:/home/zech/catkin_ws_ios/devel_isolated/kindr_rviz_plugins/lib:/home/zech/catkin_ws_ios/devel_isolated/elevation_mapping_demos/lib:/home/zech/catkin_ws_ios/devel_isolated/elevation_mapping/lib:/home/zech/catkin_ws_ios/devel_isolated/kindr_ros/lib:/home/zech/catkin_ws_ios/devel_isolated/kindr_msgs/lib:/home/zech/catkin_ws_ios/devel_isolated/grid_map_demos/lib:/home/zech/catkin_ws_ios/devel_isolated/grid_map_visualization/lib:/home/zech/catkin_ws_ios/devel_isolated/grid_map_sdf/lib:/home/zech/catkin_ws_ios/devel_isolated/grid_map_rviz_plugin/lib:/home/zech/catkin_ws_ios/devel_isolated/grid_map_loader/lib:/home/zech/catkin_ws_ios/devel_isolated/grid_map_filters/lib:/home/zech/catkin_ws_ios/devel_isolated/grid_map_ros/lib:/home/zech/catkin_ws_ios/devel_isolated/grid_map_pcl/lib:/home/zech/catkin_ws_ios/devel_isolated/grid_map_octomap/lib:/home/zech/catkin_ws_ios/devel_isolated/grid_map_msgs/lib:/home/zech/catkin_ws_ios/devel_isolated/grid_map_cv/lib:/home/zech/catkin_ws_ios/devel_isolated/grid_map_costmap_2d/lib:/home/zech/catkin_ws_ios/devel_isolated/grid_map_core/lib:/opt/ros/kinetic/lib:/opt/ros/kinetic/lib/x86_64-linux-gnu:/usr/java/packages/lib/amd64:/usr/lib/x86_64-linux-gnu/jni:/lib/x86_64-linux-gnu:/usr/lib/x86_64-linux-gnu:/usr/lib/jni:/lib:/usr/lib] 
10:44:20.891 [main] INFO  o.a.c.c.C.[.[.[/cloudwalk/robot] - Initializing Spring embedded WebApplicationContext 
10:44:20.892 [main] INFO  o.s.web.context.ContextLoader - Root WebApplicationContext: initialization completed in 1818 ms 
10:44:21.229 [main] INFO  o.s.s.c.ThreadPoolTaskExecutor - Initializing ExecutorService 'applicationTaskExecutor' 
10:44:21.595 [main] INFO  o.s.b.w.e.tomcat.TomcatWebServer - Tomcat started on port(s): 8080 (http) with context path '/cloudwalk/robot' 
10:44:21.598 [main] INFO  com.cloudwalk.fire.RobotApplication - Started RobotApplication in 3.661 seconds (JVM running for 4.514) 
10:44:38.260 [http-nio-8080-exec-1] INFO  o.a.c.c.C.[.[.[/cloudwalk/robot] - Initializing Spring DispatcherServlet 'dispatcherServlet' 
10:44:38.261 [http-nio-8080-exec-1] INFO  o.s.web.servlet.DispatcherServlet - Initializing Servlet 'dispatcherServlet' 
10:44:38.266 [http-nio-8080-exec-1] INFO  o.s.web.servlet.DispatcherServlet - Completed initialization in 5 ms 
11:08:14.663 [Thread-4] INFO  o.s.s.c.ThreadPoolTaskExecutor - Shutting down ExecutorService 'applicationTaskExecutor' 
11:08:16.917 [main] INFO  com.cloudwalk.fire.RobotApplication - Starting RobotApplication v0.0.1-SNAPSHOT on arsl with PID 10399 (/home/zech/http_ws/robot-api-0.0.1-SNAPSHOT-2.jar started by zech in /home/zech/http_ws) 
11:08:16.920 [main] INFO  com.cloudwalk.fire.RobotApplication - No active profile set, falling back to default profiles: default 
11:08:18.040 [main] INFO  o.s.b.w.e.tomcat.TomcatWebServer - Tomcat initialized with port(s): 8080 (http) 
11:08:18.067 [main] INFO  o.a.catalina.core.StandardService - Starting service [Tomcat] 
11:08:18.067 [main] INFO  o.a.catalina.core.StandardEngine - Starting Servlet engine: [Apache Tomcat/9.0.16] 
11:08:18.080 [main] INFO  o.a.c.core.AprLifecycleListener - The APR based Apache Tomcat Native library which allows optimal performance in production environments was not found on the java.library.path: [/home/zech/http_ws/devel/lib:/home/zech/Laikago_ws/devel/lib:/home/zech/catkin_ws/devel/lib:/home/zech/catkin_ws_ios/devel_isolated/pose2odom/lib:/home/zech/catkin_ws_ios/devel_isolated/pose_translator/lib:/home/zech/catkin_ws_ios/devel_isolated/pose_trans/lib:/home/zech/catkin_ws_ios/devel_isolated/orb_slam2_ros/lib:/home/zech/catkin_ws_ios/devel_isolated/multi_dof_joint_trajectory_rviz_plugins/lib:/home/zech/catkin_ws_ios/devel_isolated/kindr_rviz_plugins/lib:/home/zech/catkin_ws_ios/devel_isolated/elevation_mapping_demos/lib:/home/zech/catkin_ws_ios/devel_isolated/elevation_mapping/lib:/home/zech/catkin_ws_ios/devel_isolated/kindr_ros/lib:/home/zech/catkin_ws_ios/devel_isolated/kindr_msgs/lib:/home/zech/catkin_ws_ios/devel_isolated/grid_map_demos/lib:/home/zech/catkin_ws_ios/devel_isolated/grid_map_visualization/lib:/home/zech/catkin_ws_ios/devel_isolated/grid_map_sdf/lib:/home/zech/catkin_ws_ios/devel_isolated/grid_map_rviz_plugin/lib:/home/zech/catkin_ws_ios/devel_isolated/grid_map_loader/lib:/home/zech/catkin_ws_ios/devel_isolated/grid_map_filters/lib:/home/zech/catkin_ws_ios/devel_isolated/grid_map_ros/lib:/home/zech/catkin_ws_ios/devel_isolated/grid_map_pcl/lib:/home/zech/catkin_ws_ios/devel_isolated/grid_map_octomap/lib:/home/zech/catkin_ws_ios/devel_isolated/grid_map_msgs/lib:/home/zech/catkin_ws_ios/devel_isolated/grid_map_cv/lib:/home/zech/catkin_ws_ios/devel_isolated/grid_map_costmap_2d/lib:/home/zech/catkin_ws_ios/devel_isolated/grid_map_core/lib:/opt/ros/kinetic/lib:/opt/ros/kinetic/lib/x86_64-linux-gnu:/usr/java/packages/lib/amd64:/usr/lib/x86_64-linux-gnu/jni:/lib/x86_64-linux-gnu:/usr/lib/x86_64-linux-gnu:/usr/lib/jni:/lib:/usr/lib] 
11:08:18.171 [main] INFO  o.a.c.c.C.[.[.[/cloudwalk/robot] - Initializing Spring embedded WebApplicationContext 
11:08:18.171 [main] INFO  o.s.web.context.ContextLoader - Root WebApplicationContext: initialization completed in 1165 ms 
11:08:18.390 [main] INFO  o.s.s.c.ThreadPoolTaskExecutor - Initializing ExecutorService 'applicationTaskExecutor' 
11:08:18.663 [main] INFO  o.s.b.w.e.tomcat.TomcatWebServer - Tomcat started on port(s): 8080 (http) with context path '/cloudwalk/robot' 
11:08:18.672 [main] INFO  com.cloudwalk.fire.RobotApplication - Started RobotApplication in 2.361 seconds (JVM running for 2.745) 
11:08:23.538 [http-nio-8080-exec-1] INFO  o.a.c.c.C.[.[.[/cloudwalk/robot] - Initializing Spring DispatcherServlet 'dispatcherServlet' 
11:08:23.538 [http-nio-8080-exec-1] INFO  o.s.web.servlet.DispatcherServlet - Initializing Servlet 'dispatcherServlet' 
11:08:23.544 [http-nio-8080-exec-1] INFO  o.s.web.servlet.DispatcherServlet - Completed initialization in 6 ms 
11:13:56.679 [Thread-4] INFO  o.s.s.c.ThreadPoolTaskExecutor - Shutting down ExecutorService 'applicationTaskExecutor' 
11:13:58.967 [main] INFO  com.cloudwalk.fire.RobotApplication - Starting RobotApplication v0.0.1-SNAPSHOT on arsl with PID 10952 (/home/zech/http_ws/robot-api-0.0.1-SNAPSHOT-2.jar started by zech in /home/zech/http_ws) 
11:13:58.970 [main] INFO  com.cloudwalk.fire.RobotApplication - No active profile set, falling back to default profiles: default 
11:13:59.942 [main] INFO  o.s.b.w.e.tomcat.TomcatWebServer - Tomcat initialized with port(s): 8080 (http) 
11:13:59.969 [main] INFO  o.a.catalina.core.StandardService - Starting service [Tomcat] 
11:13:59.970 [main] INFO  o.a.catalina.core.StandardEngine - Starting Servlet engine: [Apache Tomcat/9.0.16] 
11:13:59.981 [main] INFO  o.a.c.core.AprLifecycleListener - The APR based Apache Tomcat Native library which allows optimal performance in production environments was not found on the java.library.path: [/home/zech/http_ws/devel/lib:/home/zech/Laikago_ws/devel/lib:/home/zech/catkin_ws/devel/lib:/home/zech/catkin_ws_ios/devel_isolated/pose2odom/lib:/home/zech/catkin_ws_ios/devel_isolated/pose_translator/lib:/home/zech/catkin_ws_ios/devel_isolated/pose_trans/lib:/home/zech/catkin_ws_ios/devel_isolated/orb_slam2_ros/lib:/home/zech/catkin_ws_ios/devel_isolated/multi_dof_joint_trajectory_rviz_plugins/lib:/home/zech/catkin_ws_ios/devel_isolated/kindr_rviz_plugins/lib:/home/zech/catkin_ws_ios/devel_isolated/elevation_mapping_demos/lib:/home/zech/catkin_ws_ios/devel_isolated/elevation_mapping/lib:/home/zech/catkin_ws_ios/devel_isolated/kindr_ros/lib:/home/zech/catkin_ws_ios/devel_isolated/kindr_msgs/lib:/home/zech/catkin_ws_ios/devel_isolated/grid_map_demos/lib:/home/zech/catkin_ws_ios/devel_isolated/grid_map_visualization/lib:/home/zech/catkin_ws_ios/devel_isolated/grid_map_sdf/lib:/home/zech/catkin_ws_ios/devel_isolated/grid_map_rviz_plugin/lib:/home/zech/catkin_ws_ios/devel_isolated/grid_map_loader/lib:/home/zech/catkin_ws_ios/devel_isolated/grid_map_filters/lib:/home/zech/catkin_ws_ios/devel_isolated/grid_map_ros/lib:/home/zech/catkin_ws_ios/devel_isolated/grid_map_pcl/lib:/home/zech/catkin_ws_ios/devel_isolated/grid_map_octomap/lib:/home/zech/catkin_ws_ios/devel_isolated/grid_map_msgs/lib:/home/zech/catkin_ws_ios/devel_isolated/grid_map_cv/lib:/home/zech/catkin_ws_ios/devel_isolated/grid_map_costmap_2d/lib:/home/zech/catkin_ws_ios/devel_isolated/grid_map_core/lib:/opt/ros/kinetic/lib:/opt/ros/kinetic/lib/x86_64-linux-gnu:/usr/java/packages/lib/amd64:/usr/lib/x86_64-linux-gnu/jni:/lib/x86_64-linux-gnu:/usr/lib/x86_64-linux-gnu:/usr/lib/jni:/lib:/usr/lib] 
11:14:00.066 [main] INFO  o.a.c.c.C.[.[.[/cloudwalk/robot] - Initializing Spring embedded WebApplicationContext 
11:14:00.067 [main] INFO  o.s.web.context.ContextLoader - Root WebApplicationContext: initialization completed in 1053 ms 
11:14:00.269 [main] INFO  o.s.s.c.ThreadPoolTaskExecutor - Initializing ExecutorService 'applicationTaskExecutor' 
11:14:00.522 [main] INFO  o.s.b.w.e.tomcat.TomcatWebServer - Tomcat started on port(s): 8080 (http) with context path '/cloudwalk/robot' 
11:14:00.525 [main] INFO  com.cloudwalk.fire.RobotApplication - Started RobotApplication in 2.177 seconds (JVM running for 2.531) 
11:14:23.338 [http-nio-8080-exec-2] INFO  o.a.c.c.C.[.[.[/cloudwalk/robot] - Initializing Spring DispatcherServlet 'dispatcherServlet' 
11:14:23.339 [http-nio-8080-exec-2] INFO  o.s.web.servlet.DispatcherServlet - Initializing Servlet 'dispatcherServlet' 
11:14:23.345 [http-nio-8080-exec-2] INFO  o.s.web.servlet.DispatcherServlet - Completed initialization in 6 ms 
11:22:19.338 [Thread-4] INFO  o.s.s.c.ThreadPoolTaskExecutor - Shutting down ExecutorService 'applicationTaskExecutor' 
11:22:21.621 [main] INFO  com.cloudwalk.fire.RobotApplication - Starting RobotApplication v0.0.1-SNAPSHOT on arsl with PID 11773 (/home/zech/http_ws/robot-api-0.0.1-SNAPSHOT-2.jar started by zech in /home/zech/http_ws) 
11:22:21.625 [main] INFO  com.cloudwalk.fire.RobotApplication - No active profile set, falling back to default profiles: default 
11:22:22.646 [main] INFO  o.s.b.w.e.tomcat.TomcatWebServer - Tomcat initialized with port(s): 8080 (http) 
11:22:22.674 [main] INFO  o.a.catalina.core.StandardService - Starting service [Tomcat] 
11:22:22.675 [main] INFO  o.a.catalina.core.StandardEngine - Starting Servlet engine: [Apache Tomcat/9.0.16] 
11:22:22.686 [main] INFO  o.a.c.core.AprLifecycleListener - The APR based Apache Tomcat Native library which allows optimal performance in production environments was not found on the java.library.path: [/home/zech/http_ws/devel/lib:/home/zech/Laikago_ws/devel/lib:/home/zech/catkin_ws/devel/lib:/home/zech/catkin_ws_ios/devel_isolated/pose2odom/lib:/home/zech/catkin_ws_ios/devel_isolated/pose_translator/lib:/home/zech/catkin_ws_ios/devel_isolated/pose_trans/lib:/home/zech/catkin_ws_ios/devel_isolated/orb_slam2_ros/lib:/home/zech/catkin_ws_ios/devel_isolated/multi_dof_joint_trajectory_rviz_plugins/lib:/home/zech/catkin_ws_ios/devel_isolated/kindr_rviz_plugins/lib:/home/zech/catkin_ws_ios/devel_isolated/elevation_mapping_demos/lib:/home/zech/catkin_ws_ios/devel_isolated/elevation_mapping/lib:/home/zech/catkin_ws_ios/devel_isolated/kindr_ros/lib:/home/zech/catkin_ws_ios/devel_isolated/kindr_msgs/lib:/home/zech/catkin_ws_ios/devel_isolated/grid_map_demos/lib:/home/zech/catkin_ws_ios/devel_isolated/grid_map_visualization/lib:/home/zech/catkin_ws_ios/devel_isolated/grid_map_sdf/lib:/home/zech/catkin_ws_ios/devel_isolated/grid_map_rviz_plugin/lib:/home/zech/catkin_ws_ios/devel_isolated/grid_map_loader/lib:/home/zech/catkin_ws_ios/devel_isolated/grid_map_filters/lib:/home/zech/catkin_ws_ios/devel_isolated/grid_map_ros/lib:/home/zech/catkin_ws_ios/devel_isolated/grid_map_pcl/lib:/home/zech/catkin_ws_ios/devel_isolated/grid_map_octomap/lib:/home/zech/catkin_ws_ios/devel_isolated/grid_map_msgs/lib:/home/zech/catkin_ws_ios/devel_isolated/grid_map_cv/lib:/home/zech/catkin_ws_ios/devel_isolated/grid_map_costmap_2d/lib:/home/zech/catkin_ws_ios/devel_isolated/grid_map_core/lib:/opt/ros/kinetic/lib:/opt/ros/kinetic/lib/x86_64-linux-gnu:/usr/java/packages/lib/amd64:/usr/lib/x86_64-linux-gnu/jni:/lib/x86_64-linux-gnu:/usr/lib/x86_64-linux-gnu:/usr/lib/jni:/lib:/usr/lib] 
11:22:22.765 [main] INFO  o.a.c.c.C.[.[.[/cloudwalk/robot] - Initializing Spring embedded WebApplicationContext 
11:22:22.765 [main] INFO  o.s.web.context.ContextLoader - Root WebApplicationContext: initialization completed in 1075 ms 
11:22:22.968 [main] INFO  o.s.s.c.ThreadPoolTaskExecutor - Initializing ExecutorService 'applicationTaskExecutor' 
11:22:23.238 [main] INFO  o.s.b.w.e.tomcat.TomcatWebServer - Tomcat started on port(s): 8080 (http) with context path '/cloudwalk/robot' 
11:22:23.241 [main] INFO  com.cloudwalk.fire.RobotApplication - Started RobotApplication in 2.2 seconds (JVM running for 2.554) 
11:22:35.044 [http-nio-8080-exec-1] INFO  o.a.c.c.C.[.[.[/cloudwalk/robot] - Initializing Spring DispatcherServlet 'dispatcherServlet' 
11:22:35.045 [http-nio-8080-exec-1] INFO  o.s.web.servlet.DispatcherServlet - Initializing Servlet 'dispatcherServlet' 
11:22:35.051 [http-nio-8080-exec-1] INFO  o.s.web.servlet.DispatcherServlet - Completed initialization in 6 ms 
