08:49:37.040 [main] INFO  com.cloudwalk.fire.RobotApplication - Starting RobotApplication v0.0.1-SNAPSHOT on arsl with PID 4852 (/home/zech/http_ws/robot-api-0.0.1-SNAPSHOT-2.jar started by zech in /home/zech/http_ws) 
08:49:37.043 [main] INFO  com.cloudwalk.fire.RobotApplication - No active profile set, falling back to default profiles: default 
08:49:38.346 [main] INFO  o.s.b.w.e.tomcat.TomcatWebServer - Tomcat initialized with port(s): 8080 (http) 
08:49:38.390 [main] INFO  o.a.catalina.core.StandardService - Starting service [Tomcat] 
08:49:38.392 [main] INFO  o.a.catalina.core.StandardEngine - Starting Servlet engine: [Apache Tomcat/9.0.16] 
08:49:38.404 [main] INFO  o.a.c.core.AprLifecycleListener - The APR based Apache Tomcat Native library which allows optimal performance in production environments was not found on the java.library.path: [/home/zech/Laikago_ws/devel/lib:/home/zech/catkin_ws/devel/lib:/home/zech/catkin_ws_ios/devel_isolated/pose2odom/lib:/home/zech/catkin_ws_ios/devel_isolated/pose_translator/lib:/home/zech/catkin_ws_ios/devel_isolated/pose_trans/lib:/home/zech/catkin_ws_ios/devel_isolated/orb_slam2_ros/lib:/home/zech/catkin_ws_ios/devel_isolated/multi_dof_joint_trajectory_rviz_plugins/lib:/home/zech/catkin_ws_ios/devel_isolated/kindr_rviz_plugins/lib:/home/zech/catkin_ws_ios/devel_isolated/elevation_mapping_demos/lib:/home/zech/catkin_ws_ios/devel_isolated/elevation_mapping/lib:/home/zech/catkin_ws_ios/devel_isolated/kindr_ros/lib:/home/zech/catkin_ws_ios/devel_isolated/kindr_msgs/lib:/home/zech/catkin_ws_ios/devel_isolated/grid_map_demos/lib:/home/zech/catkin_ws_ios/devel_isolated/grid_map_visualization/lib:/home/zech/catkin_ws_ios/devel_isolated/grid_map_sdf/lib:/home/zech/catkin_ws_ios/devel_isolated/grid_map_rviz_plugin/lib:/home/zech/catkin_ws_ios/devel_isolated/grid_map_loader/lib:/home/zech/catkin_ws_ios/devel_isolated/grid_map_filters/lib:/home/zech/catkin_ws_ios/devel_isolated/grid_map_ros/lib:/home/zech/catkin_ws_ios/devel_isolated/grid_map_pcl/lib:/home/zech/catkin_ws_ios/devel_isolated/grid_map_octomap/lib:/home/zech/catkin_ws_ios/devel_isolated/grid_map_msgs/lib:/home/zech/catkin_ws_ios/devel_isolated/grid_map_cv/lib:/home/zech/catkin_ws_ios/devel_isolated/grid_map_costmap_2d/lib:/home/zech/catkin_ws_ios/devel_isolated/grid_map_core/lib:/opt/ros/kinetic/lib:/opt/ros/kinetic/lib/x86_64-linux-gnu:/usr/java/packages/lib/amd64:/usr/lib/x86_64-linux-gnu/jni:/lib/x86_64-linux-gnu:/usr/lib/x86_64-linux-gnu:/usr/lib/jni:/lib:/usr/lib] 
08:49:38.477 [main] INFO  o.a.c.c.C.[.[.[/cloudwalk/robot] - Initializing Spring embedded WebApplicationContext 
08:49:38.477 [main] INFO  o.s.web.context.ContextLoader - Root WebApplicationContext: initialization completed in 1389 ms 
08:49:38.701 [main] INFO  o.s.s.c.ThreadPoolTaskExecutor - Initializing ExecutorService 'applicationTaskExecutor' 
08:49:38.978 [main] INFO  o.s.b.w.e.tomcat.TomcatWebServer - Tomcat started on port(s): 8080 (http) with context path '/cloudwalk/robot' 
08:49:38.981 [main] INFO  com.cloudwalk.fire.RobotApplication - Started RobotApplication in 2.922 seconds (JVM running for 3.803) 
08:49:59.147 [http-nio-8080-exec-1] INFO  o.a.c.c.C.[.[.[/cloudwalk/robot] - Initializing Spring DispatcherServlet 'dispatcherServlet' 
08:49:59.148 [http-nio-8080-exec-1] INFO  o.s.web.servlet.DispatcherServlet - Initializing Servlet 'dispatcherServlet' 
08:49:59.157 [http-nio-8080-exec-1] INFO  o.s.web.servlet.DispatcherServlet - Completed initialization in 9 ms 
08:51:15.501 [http-nio-8080-exec-1] WARN  o.s.w.s.m.s.DefaultHandlerExceptionResolver - Resolved [org.springframework.http.converter.HttpMessageNotReadableException: JSON parse error: Unexpected character ('}' (code 125)): was expecting double-quote to start field name; nested exception is com.fasterxml.jackson.core.JsonParseException: Unexpected character ('}' (code 125)): was expecting double-quote to start field name
 at [Source: (PushbackInputStream); line: 4, column: 2]] 
09:41:55.114 [http-nio-8080-exec-2] WARN  o.s.w.s.m.s.DefaultHandlerExceptionResolver - Resolved [org.springframework.http.converter.HttpMessageNotReadableException: JSON parse error: Unrecognized token 'JsonData': was expecting ('true', 'false' or 'null'); nested exception is com.fasterxml.jackson.core.JsonParseException: Unrecognized token 'JsonData': was expecting ('true', 'false' or 'null')
 at [Source: (PushbackInputStream); line: 1, column: 17]] 
09:43:02.297 [http-nio-8080-exec-1] WARN  o.s.w.s.m.s.DefaultHandlerExceptionResolver - Resolved [org.springframework.http.converter.HttpMessageNotReadableException: JSON parse error: Unrecognized token 'JsonData': was expecting ('true', 'false' or 'null'); nested exception is com.fasterxml.jackson.core.JsonParseException: Unrecognized token 'JsonData': was expecting ('true', 'false' or 'null')
 at [Source: (PushbackInputStream); line: 1, column: 17]] 
10:41:26.080 [Thread-4] INFO  o.s.s.c.ThreadPoolTaskExecutor - Shutting down ExecutorService 'applicationTaskExecutor' 
17:22:04.202 [main] INFO  com.cloudwalk.fire.RobotApplication - Starting RobotApplication v0.0.1-SNAPSHOT on arsl with PID 11663 (/home/zech/http_ws/robot-api-0.0.1-SNAPSHOT-2.jar started by zech in /home/zech/http_ws) 
17:22:04.227 [main] INFO  com.cloudwalk.fire.RobotApplication - No active profile set, falling back to default profiles: default 
17:22:05.632 [main] INFO  o.s.b.w.e.tomcat.TomcatWebServer - Tomcat initialized with port(s): 8080 (http) 
17:22:05.661 [main] INFO  o.a.catalina.core.StandardService - Starting service [Tomcat] 
17:22:05.661 [main] INFO  o.a.catalina.core.StandardEngine - Starting Servlet engine: [Apache Tomcat/9.0.16] 
17:22:05.673 [main] INFO  o.a.c.core.AprLifecycleListener - The APR based Apache Tomcat Native library which allows optimal performance in production environments was not found on the java.library.path: [/home/zech/http_ws/devel/lib:/home/zech/Laikago_ws/devel/lib:/home/zech/catkin_ws/devel/lib:/home/zech/catkin_ws_ios/devel_isolated/pose2odom/lib:/home/zech/catkin_ws_ios/devel_isolated/pose_translator/lib:/home/zech/catkin_ws_ios/devel_isolated/pose_trans/lib:/home/zech/catkin_ws_ios/devel_isolated/orb_slam2_ros/lib:/home/zech/catkin_ws_ios/devel_isolated/multi_dof_joint_trajectory_rviz_plugins/lib:/home/zech/catkin_ws_ios/devel_isolated/kindr_rviz_plugins/lib:/home/zech/catkin_ws_ios/devel_isolated/elevation_mapping_demos/lib:/home/zech/catkin_ws_ios/devel_isolated/elevation_mapping/lib:/home/zech/catkin_ws_ios/devel_isolated/kindr_ros/lib:/home/zech/catkin_ws_ios/devel_isolated/kindr_msgs/lib:/home/zech/catkin_ws_ios/devel_isolated/grid_map_demos/lib:/home/zech/catkin_ws_ios/devel_isolated/grid_map_visualization/lib:/home/zech/catkin_ws_ios/devel_isolated/grid_map_sdf/lib:/home/zech/catkin_ws_ios/devel_isolated/grid_map_rviz_plugin/lib:/home/zech/catkin_ws_ios/devel_isolated/grid_map_loader/lib:/home/zech/catkin_ws_ios/devel_isolated/grid_map_filters/lib:/home/zech/catkin_ws_ios/devel_isolated/grid_map_ros/lib:/home/zech/catkin_ws_ios/devel_isolated/grid_map_pcl/lib:/home/zech/catkin_ws_ios/devel_isolated/grid_map_octomap/lib:/home/zech/catkin_ws_ios/devel_isolated/grid_map_msgs/lib:/home/zech/catkin_ws_ios/devel_isolated/grid_map_cv/lib:/home/zech/catkin_ws_ios/devel_isolated/grid_map_costmap_2d/lib:/home/zech/catkin_ws_ios/devel_isolated/grid_map_core/lib:/opt/ros/kinetic/lib:/opt/ros/kinetic/lib/x86_64-linux-gnu:/usr/java/packages/lib/amd64:/usr/lib/x86_64-linux-gnu/jni:/lib/x86_64-linux-gnu:/usr/lib/x86_64-linux-gnu:/usr/lib/jni:/lib:/usr/lib] 
17:22:05.758 [main] INFO  o.a.c.c.C.[.[.[/cloudwalk/robot] - Initializing Spring embedded WebApplicationContext 
17:22:05.758 [main] INFO  o.s.web.context.ContextLoader - Root WebApplicationContext: initialization completed in 1434 ms 
17:22:05.976 [main] INFO  o.s.s.c.ThreadPoolTaskExecutor - Initializing ExecutorService 'applicationTaskExecutor' 
17:22:06.287 [main] INFO  o.s.b.w.e.tomcat.TomcatWebServer - Tomcat started on port(s): 8080 (http) with context path '/cloudwalk/robot' 
17:22:06.292 [main] INFO  com.cloudwalk.fire.RobotApplication - Started RobotApplication in 3.149 seconds (JVM running for 3.84) 
17:22:09.665 [http-nio-8080-exec-1] INFO  o.a.c.c.C.[.[.[/cloudwalk/robot] - Initializing Spring DispatcherServlet 'dispatcherServlet' 
17:22:09.666 [http-nio-8080-exec-1] INFO  o.s.web.servlet.DispatcherServlet - Initializing Servlet 'dispatcherServlet' 
17:22:09.672 [http-nio-8080-exec-1] INFO  o.s.web.servlet.DispatcherServlet - Completed initialization in 6 ms 
