15:45:05.167 [main] INFO  com.cloudwalk.fire.RobotApplication - Starting RobotApplication v0.0.1-SNAPSHOT on arsl with PID 5848 (/home/zech/http_ws/robot-api-0.0.1-SNAPSHOT.jar started by zech in /home/zech/http_ws) 
15:45:05.170 [main] INFO  com.cloudwalk.fire.RobotApplication - No active profile set, falling back to default profiles: default 
15:45:06.196 [main] INFO  o.s.b.w.e.tomcat.TomcatWebServer - Tomcat initialized with port(s): 8080 (http) 
15:45:06.224 [main] INFO  o.a.catalina.core.StandardService - Starting service [Tomcat] 
15:45:06.225 [main] INFO  o.a.catalina.core.StandardEngine - Starting Servlet engine: [Apache Tomcat/9.0.16] 
15:45:06.237 [main] INFO  o.a.c.core.AprLifecycleListener - The APR based Apache Tomcat Native library which allows optimal performance in production environments was not found on the java.library.path: [/home/zech/Laikago_ws/devel/lib:/home/zech/catkin_ws/devel/lib:/home/zech/catkin_ws_ios/devel_isolated/pose2odom/lib:/home/zech/catkin_ws_ios/devel_isolated/pose_translator/lib:/home/zech/catkin_ws_ios/devel_isolated/pose_trans/lib:/home/zech/catkin_ws_ios/devel_isolated/orb_slam2_ros/lib:/home/zech/catkin_ws_ios/devel_isolated/multi_dof_joint_trajectory_rviz_plugins/lib:/home/zech/catkin_ws_ios/devel_isolated/kindr_rviz_plugins/lib:/home/zech/catkin_ws_ios/devel_isolated/elevation_mapping_demos/lib:/home/zech/catkin_ws_ios/devel_isolated/elevation_mapping/lib:/home/zech/catkin_ws_ios/devel_isolated/kindr_ros/lib:/home/zech/catkin_ws_ios/devel_isolated/kindr_msgs/lib:/home/zech/catkin_ws_ios/devel_isolated/grid_map_demos/lib:/home/zech/catkin_ws_ios/devel_isolated/grid_map_visualization/lib:/home/zech/catkin_ws_ios/devel_isolated/grid_map_sdf/lib:/home/zech/catkin_ws_ios/devel_isolated/grid_map_rviz_plugin/lib:/home/zech/catkin_ws_ios/devel_isolated/grid_map_loader/lib:/home/zech/catkin_ws_ios/devel_isolated/grid_map_filters/lib:/home/zech/catkin_ws_ios/devel_isolated/grid_map_ros/lib:/home/zech/catkin_ws_ios/devel_isolated/grid_map_pcl/lib:/home/zech/catkin_ws_ios/devel_isolated/grid_map_octomap/lib:/home/zech/catkin_ws_ios/devel_isolated/grid_map_msgs/lib:/home/zech/catkin_ws_ios/devel_isolated/grid_map_cv/lib:/home/zech/catkin_ws_ios/devel_isolated/grid_map_costmap_2d/lib:/home/zech/catkin_ws_ios/devel_isolated/grid_map_core/lib:/opt/ros/kinetic/lib:/opt/ros/kinetic/lib/x86_64-linux-gnu:/usr/java/packages/lib/amd64:/usr/lib/x86_64-linux-gnu/jni:/lib/x86_64-linux-gnu:/usr/lib/x86_64-linux-gnu:/usr/lib/jni:/lib:/usr/lib] 
15:45:06.318 [main] INFO  o.a.c.c.C.[.[.[/cloudwalk/robot] - Initializing Spring embedded WebApplicationContext 
15:45:06.318 [main] INFO  o.s.web.context.ContextLoader - Root WebApplicationContext: initialization completed in 1109 ms 
15:45:06.517 [main] INFO  o.s.s.c.ThreadPoolTaskExecutor - Initializing ExecutorService 'applicationTaskExecutor' 
15:45:06.799 [main] INFO  o.s.b.w.e.tomcat.TomcatWebServer - Tomcat started on port(s): 8080 (http) with context path '/cloudwalk/robot' 
15:45:06.802 [main] INFO  com.cloudwalk.fire.RobotApplication - Started RobotApplication in 2.394 seconds (JVM running for 2.791) 
15:45:39.876 [Thread-4] INFO  o.s.s.c.ThreadPoolTaskExecutor - Shutting down ExecutorService 'applicationTaskExecutor' 
15:45:42.540 [main] INFO  com.cloudwalk.fire.RobotApplication - Starting RobotApplication v0.0.1-SNAPSHOT on arsl with PID 5902 (/home/zech/http_ws/robot-api-0.0.1-SNAPSHOT.jar started by zech in /home/zech/http_ws) 
15:45:42.543 [main] INFO  com.cloudwalk.fire.RobotApplication - No active profile set, falling back to default profiles: default 
15:45:43.571 [main] INFO  o.s.b.w.e.tomcat.TomcatWebServer - Tomcat initialized with port(s): 8080 (http) 
15:45:43.599 [main] INFO  o.a.catalina.core.StandardService - Starting service [Tomcat] 
15:45:43.599 [main] INFO  o.a.catalina.core.StandardEngine - Starting Servlet engine: [Apache Tomcat/9.0.16] 
15:45:43.611 [main] INFO  o.a.c.core.AprLifecycleListener - The APR based Apache Tomcat Native library which allows optimal performance in production environments was not found on the java.library.path: [/home/zech/Laikago_ws/devel/lib:/home/zech/catkin_ws/devel/lib:/home/zech/catkin_ws_ios/devel_isolated/pose2odom/lib:/home/zech/catkin_ws_ios/devel_isolated/pose_translator/lib:/home/zech/catkin_ws_ios/devel_isolated/pose_trans/lib:/home/zech/catkin_ws_ios/devel_isolated/orb_slam2_ros/lib:/home/zech/catkin_ws_ios/devel_isolated/multi_dof_joint_trajectory_rviz_plugins/lib:/home/zech/catkin_ws_ios/devel_isolated/kindr_rviz_plugins/lib:/home/zech/catkin_ws_ios/devel_isolated/elevation_mapping_demos/lib:/home/zech/catkin_ws_ios/devel_isolated/elevation_mapping/lib:/home/zech/catkin_ws_ios/devel_isolated/kindr_ros/lib:/home/zech/catkin_ws_ios/devel_isolated/kindr_msgs/lib:/home/zech/catkin_ws_ios/devel_isolated/grid_map_demos/lib:/home/zech/catkin_ws_ios/devel_isolated/grid_map_visualization/lib:/home/zech/catkin_ws_ios/devel_isolated/grid_map_sdf/lib:/home/zech/catkin_ws_ios/devel_isolated/grid_map_rviz_plugin/lib:/home/zech/catkin_ws_ios/devel_isolated/grid_map_loader/lib:/home/zech/catkin_ws_ios/devel_isolated/grid_map_filters/lib:/home/zech/catkin_ws_ios/devel_isolated/grid_map_ros/lib:/home/zech/catkin_ws_ios/devel_isolated/grid_map_pcl/lib:/home/zech/catkin_ws_ios/devel_isolated/grid_map_octomap/lib:/home/zech/catkin_ws_ios/devel_isolated/grid_map_msgs/lib:/home/zech/catkin_ws_ios/devel_isolated/grid_map_cv/lib:/home/zech/catkin_ws_ios/devel_isolated/grid_map_costmap_2d/lib:/home/zech/catkin_ws_ios/devel_isolated/grid_map_core/lib:/opt/ros/kinetic/lib:/opt/ros/kinetic/lib/x86_64-linux-gnu:/usr/java/packages/lib/amd64:/usr/lib/x86_64-linux-gnu/jni:/lib/x86_64-linux-gnu:/usr/lib/x86_64-linux-gnu:/usr/lib/jni:/lib:/usr/lib] 
15:45:43.707 [main] INFO  o.a.c.c.C.[.[.[/cloudwalk/robot] - Initializing Spring embedded WebApplicationContext 
15:45:43.708 [main] INFO  o.s.web.context.ContextLoader - Root WebApplicationContext: initialization completed in 1092 ms 
15:45:43.911 [main] INFO  o.s.s.c.ThreadPoolTaskExecutor - Initializing ExecutorService 'applicationTaskExecutor' 
15:45:44.214 [main] INFO  o.s.b.w.e.tomcat.TomcatWebServer - Tomcat started on port(s): 8080 (http) with context path '/cloudwalk/robot' 
15:45:44.218 [main] INFO  com.cloudwalk.fire.RobotApplication - Started RobotApplication in 2.301 seconds (JVM running for 2.668) 
15:46:18.121 [http-nio-8080-exec-1] INFO  o.a.c.c.C.[.[.[/cloudwalk/robot] - Initializing Spring DispatcherServlet 'dispatcherServlet' 
15:46:18.121 [http-nio-8080-exec-1] INFO  o.s.web.servlet.DispatcherServlet - Initializing Servlet 'dispatcherServlet' 
15:46:18.127 [http-nio-8080-exec-1] INFO  o.s.web.servlet.DispatcherServlet - Completed initialization in 5 ms 
15:46:18.144 [http-nio-8080-exec-1] WARN  o.s.w.s.m.s.DefaultHandlerExceptionResolver - Resolved [org.springframework.web.HttpRequestMethodNotSupportedException: Request method 'GET' not supported] 
15:46:25.676 [http-nio-8080-exec-3] WARN  o.s.w.s.m.s.DefaultHandlerExceptionResolver - Resolved [org.springframework.web.HttpRequestMethodNotSupportedException: Request method 'GET' not supported] 
15:47:15.231 [http-nio-8080-exec-5] WARN  o.s.w.s.m.s.DefaultHandlerExceptionResolver - Resolved [org.springframework.web.HttpRequestMethodNotSupportedException: Request method 'GET' not supported] 
15:47:15.238 [http-nio-8080-exec-5] WARN  o.s.w.s.m.s.DefaultHandlerExceptionResolver - Resolved [org.springframework.web.HttpMediaTypeNotAcceptableException: Could not parse 'Accept' header [Agent-007]: Invalid mime type "Agent-007": does not contain '/'] 
16:10:09.343 [Thread-4] INFO  o.s.s.c.ThreadPoolTaskExecutor - Shutting down ExecutorService 'applicationTaskExecutor' 
16:10:15.284 [main] INFO  com.cloudwalk.fire.RobotApplication - Starting RobotApplication v0.0.1-SNAPSHOT on arsl with PID 7315 (/home/zech/http_ws/robot-api-0.0.1-SNAPSHOT-2.jar started by zech in /home/zech/http_ws) 
16:10:15.287 [main] INFO  com.cloudwalk.fire.RobotApplication - No active profile set, falling back to default profiles: default 
16:10:16.309 [main] INFO  o.s.b.w.e.tomcat.TomcatWebServer - Tomcat initialized with port(s): 8080 (http) 
16:10:16.338 [main] INFO  o.a.catalina.core.StandardService - Starting service [Tomcat] 
16:10:16.339 [main] INFO  o.a.catalina.core.StandardEngine - Starting Servlet engine: [Apache Tomcat/9.0.16] 
16:10:16.351 [main] INFO  o.a.c.core.AprLifecycleListener - The APR based Apache Tomcat Native library which allows optimal performance in production environments was not found on the java.library.path: [/home/zech/Laikago_ws/devel/lib:/home/zech/catkin_ws/devel/lib:/home/zech/catkin_ws_ios/devel_isolated/pose2odom/lib:/home/zech/catkin_ws_ios/devel_isolated/pose_translator/lib:/home/zech/catkin_ws_ios/devel_isolated/pose_trans/lib:/home/zech/catkin_ws_ios/devel_isolated/orb_slam2_ros/lib:/home/zech/catkin_ws_ios/devel_isolated/multi_dof_joint_trajectory_rviz_plugins/lib:/home/zech/catkin_ws_ios/devel_isolated/kindr_rviz_plugins/lib:/home/zech/catkin_ws_ios/devel_isolated/elevation_mapping_demos/lib:/home/zech/catkin_ws_ios/devel_isolated/elevation_mapping/lib:/home/zech/catkin_ws_ios/devel_isolated/kindr_ros/lib:/home/zech/catkin_ws_ios/devel_isolated/kindr_msgs/lib:/home/zech/catkin_ws_ios/devel_isolated/grid_map_demos/lib:/home/zech/catkin_ws_ios/devel_isolated/grid_map_visualization/lib:/home/zech/catkin_ws_ios/devel_isolated/grid_map_sdf/lib:/home/zech/catkin_ws_ios/devel_isolated/grid_map_rviz_plugin/lib:/home/zech/catkin_ws_ios/devel_isolated/grid_map_loader/lib:/home/zech/catkin_ws_ios/devel_isolated/grid_map_filters/lib:/home/zech/catkin_ws_ios/devel_isolated/grid_map_ros/lib:/home/zech/catkin_ws_ios/devel_isolated/grid_map_pcl/lib:/home/zech/catkin_ws_ios/devel_isolated/grid_map_octomap/lib:/home/zech/catkin_ws_ios/devel_isolated/grid_map_msgs/lib:/home/zech/catkin_ws_ios/devel_isolated/grid_map_cv/lib:/home/zech/catkin_ws_ios/devel_isolated/grid_map_costmap_2d/lib:/home/zech/catkin_ws_ios/devel_isolated/grid_map_core/lib:/opt/ros/kinetic/lib:/opt/ros/kinetic/lib/x86_64-linux-gnu:/usr/java/packages/lib/amd64:/usr/lib/x86_64-linux-gnu/jni:/lib/x86_64-linux-gnu:/usr/lib/x86_64-linux-gnu:/usr/lib/jni:/lib:/usr/lib] 
16:10:16.418 [main] INFO  o.a.c.c.C.[.[.[/cloudwalk/robot] - Initializing Spring embedded WebApplicationContext 
16:10:16.419 [main] INFO  o.s.web.context.ContextLoader - Root WebApplicationContext: initialization completed in 1085 ms 
16:10:16.647 [main] INFO  o.s.s.c.ThreadPoolTaskExecutor - Initializing ExecutorService 'applicationTaskExecutor' 
16:10:16.950 [main] INFO  o.s.b.w.e.tomcat.TomcatWebServer - Tomcat started on port(s): 8080 (http) with context path '/cloudwalk/robot' 
16:10:16.953 [main] INFO  com.cloudwalk.fire.RobotApplication - Started RobotApplication in 2.235 seconds (JVM running for 2.58) 
16:10:20.794 [http-nio-8080-exec-1] INFO  o.a.c.c.C.[.[.[/cloudwalk/robot] - Initializing Spring DispatcherServlet 'dispatcherServlet' 
16:10:20.795 [http-nio-8080-exec-1] INFO  o.s.web.servlet.DispatcherServlet - Initializing Servlet 'dispatcherServlet' 
16:10:20.802 [http-nio-8080-exec-1] INFO  o.s.web.servlet.DispatcherServlet - Completed initialization in 7 ms 
16:10:20.837 [http-nio-8080-exec-1] WARN  o.s.w.s.m.s.DefaultHandlerExceptionResolver - Resolved [org.springframework.web.HttpMediaTypeNotSupportedException: Content type 'application/x-www-form-urlencoded;charset=UTF-8' not supported] 
16:10:36.425 [http-nio-8080-exec-3] WARN  o.s.w.s.m.s.DefaultHandlerExceptionResolver - Resolved [org.springframework.http.converter.HttpMessageNotReadableException: Required request body is missing: public java.lang.Object com.cloudwalk.fire.controller.RobotController.imgs(com.cloudwalk.fire.bean.RobotBean) throws java.lang.Exception] 
16:10:59.052 [http-nio-8080-exec-5] WARN  o.s.w.s.m.s.DefaultHandlerExceptionResolver - Resolved [org.springframework.web.HttpMediaTypeNotSupportedException: Content type 'text/plain;charset=UTF-8' not supported] 
16:12:02.488 [Thread-4] INFO  o.s.s.c.ThreadPoolTaskExecutor - Shutting down ExecutorService 'applicationTaskExecutor' 
16:12:08.944 [main] INFO  com.cloudwalk.fire.RobotApplication - Starting RobotApplication v0.0.1-SNAPSHOT on arsl with PID 7391 (/home/zech/http_ws/robot-api-0.0.1-SNAPSHOT-2.jar started by zech in /home/zech/http_ws) 
16:12:08.947 [main] INFO  com.cloudwalk.fire.RobotApplication - No active profile set, falling back to default profiles: default 
16:12:09.933 [main] INFO  o.s.b.w.e.tomcat.TomcatWebServer - Tomcat initialized with port(s): 8080 (http) 
16:12:09.960 [main] INFO  o.a.catalina.core.StandardService - Starting service [Tomcat] 
16:12:09.961 [main] INFO  o.a.catalina.core.StandardEngine - Starting Servlet engine: [Apache Tomcat/9.0.16] 
16:12:09.972 [main] INFO  o.a.c.core.AprLifecycleListener - The APR based Apache Tomcat Native library which allows optimal performance in production environments was not found on the java.library.path: [/home/zech/Laikago_ws/devel/lib:/home/zech/catkin_ws/devel/lib:/home/zech/catkin_ws_ios/devel_isolated/pose2odom/lib:/home/zech/catkin_ws_ios/devel_isolated/pose_translator/lib:/home/zech/catkin_ws_ios/devel_isolated/pose_trans/lib:/home/zech/catkin_ws_ios/devel_isolated/orb_slam2_ros/lib:/home/zech/catkin_ws_ios/devel_isolated/multi_dof_joint_trajectory_rviz_plugins/lib:/home/zech/catkin_ws_ios/devel_isolated/kindr_rviz_plugins/lib:/home/zech/catkin_ws_ios/devel_isolated/elevation_mapping_demos/lib:/home/zech/catkin_ws_ios/devel_isolated/elevation_mapping/lib:/home/zech/catkin_ws_ios/devel_isolated/kindr_ros/lib:/home/zech/catkin_ws_ios/devel_isolated/kindr_msgs/lib:/home/zech/catkin_ws_ios/devel_isolated/grid_map_demos/lib:/home/zech/catkin_ws_ios/devel_isolated/grid_map_visualization/lib:/home/zech/catkin_ws_ios/devel_isolated/grid_map_sdf/lib:/home/zech/catkin_ws_ios/devel_isolated/grid_map_rviz_plugin/lib:/home/zech/catkin_ws_ios/devel_isolated/grid_map_loader/lib:/home/zech/catkin_ws_ios/devel_isolated/grid_map_filters/lib:/home/zech/catkin_ws_ios/devel_isolated/grid_map_ros/lib:/home/zech/catkin_ws_ios/devel_isolated/grid_map_pcl/lib:/home/zech/catkin_ws_ios/devel_isolated/grid_map_octomap/lib:/home/zech/catkin_ws_ios/devel_isolated/grid_map_msgs/lib:/home/zech/catkin_ws_ios/devel_isolated/grid_map_cv/lib:/home/zech/catkin_ws_ios/devel_isolated/grid_map_costmap_2d/lib:/home/zech/catkin_ws_ios/devel_isolated/grid_map_core/lib:/opt/ros/kinetic/lib:/opt/ros/kinetic/lib/x86_64-linux-gnu:/usr/java/packages/lib/amd64:/usr/lib/x86_64-linux-gnu/jni:/lib/x86_64-linux-gnu:/usr/lib/x86_64-linux-gnu:/usr/lib/jni:/lib:/usr/lib] 
16:12:10.055 [main] INFO  o.a.c.c.C.[.[.[/cloudwalk/robot] - Initializing Spring embedded WebApplicationContext 
16:12:10.055 [main] INFO  o.s.web.context.ContextLoader - Root WebApplicationContext: initialization completed in 1058 ms 
16:12:10.253 [main] INFO  o.s.s.c.ThreadPoolTaskExecutor - Initializing ExecutorService 'applicationTaskExecutor' 
16:12:10.517 [main] INFO  o.s.b.w.e.tomcat.TomcatWebServer - Tomcat started on port(s): 8080 (http) with context path '/cloudwalk/robot' 
16:12:10.520 [main] INFO  com.cloudwalk.fire.RobotApplication - Started RobotApplication in 2.184 seconds (JVM running for 2.529) 
16:12:18.002 [http-nio-8080-exec-1] INFO  o.a.c.c.C.[.[.[/cloudwalk/robot] - Initializing Spring DispatcherServlet 'dispatcherServlet' 
16:12:18.003 [http-nio-8080-exec-1] INFO  o.s.web.servlet.DispatcherServlet - Initializing Servlet 'dispatcherServlet' 
16:12:18.011 [http-nio-8080-exec-1] INFO  o.s.web.servlet.DispatcherServlet - Completed initialization in 8 ms 
16:12:18.053 [http-nio-8080-exec-1] WARN  o.s.w.s.m.s.DefaultHandlerExceptionResolver - Resolved [org.springframework.web.HttpMediaTypeNotSupportedException: Content type 'text/plain;charset=UTF-8' not supported] 
16:13:29.961 [http-nio-8080-exec-5] WARN  o.s.w.s.m.s.DefaultHandlerExceptionResolver - Resolved [org.springframework.web.HttpMediaTypeNotSupportedException: Content type 'text/plain;charset=UTF-8' not supported] 
16:17:48.339 [Thread-4] INFO  o.s.s.c.ThreadPoolTaskExecutor - Shutting down ExecutorService 'applicationTaskExecutor' 
16:31:09.162 [main] INFO  com.cloudwalk.fire.RobotApplication - Starting RobotApplication v0.0.1-SNAPSHOT on arsl with PID 3844 (/home/zech/http_ws/robot-api-0.0.1-SNAPSHOT-2.jar started by zech in /home/zech/http_ws) 
16:31:09.190 [main] INFO  com.cloudwalk.fire.RobotApplication - No active profile set, falling back to default profiles: default 
16:31:10.525 [main] INFO  o.s.b.w.e.tomcat.TomcatWebServer - Tomcat initialized with port(s): 8080 (http) 
16:31:10.561 [main] INFO  o.a.catalina.core.StandardService - Starting service [Tomcat] 
16:31:10.562 [main] INFO  o.a.catalina.core.StandardEngine - Starting Servlet engine: [Apache Tomcat/9.0.16] 
16:31:10.573 [main] INFO  o.a.c.core.AprLifecycleListener - The APR based Apache Tomcat Native library which allows optimal performance in production environments was not found on the java.library.path: [/home/zech/Laikago_ws/devel/lib:/home/zech/catkin_ws/devel/lib:/home/zech/catkin_ws_ios/devel_isolated/pose2odom/lib:/home/zech/catkin_ws_ios/devel_isolated/pose_translator/lib:/home/zech/catkin_ws_ios/devel_isolated/pose_trans/lib:/home/zech/catkin_ws_ios/devel_isolated/orb_slam2_ros/lib:/home/zech/catkin_ws_ios/devel_isolated/multi_dof_joint_trajectory_rviz_plugins/lib:/home/zech/catkin_ws_ios/devel_isolated/kindr_rviz_plugins/lib:/home/zech/catkin_ws_ios/devel_isolated/elevation_mapping_demos/lib:/home/zech/catkin_ws_ios/devel_isolated/elevation_mapping/lib:/home/zech/catkin_ws_ios/devel_isolated/kindr_ros/lib:/home/zech/catkin_ws_ios/devel_isolated/kindr_msgs/lib:/home/zech/catkin_ws_ios/devel_isolated/grid_map_demos/lib:/home/zech/catkin_ws_ios/devel_isolated/grid_map_visualization/lib:/home/zech/catkin_ws_ios/devel_isolated/grid_map_sdf/lib:/home/zech/catkin_ws_ios/devel_isolated/grid_map_rviz_plugin/lib:/home/zech/catkin_ws_ios/devel_isolated/grid_map_loader/lib:/home/zech/catkin_ws_ios/devel_isolated/grid_map_filters/lib:/home/zech/catkin_ws_ios/devel_isolated/grid_map_ros/lib:/home/zech/catkin_ws_ios/devel_isolated/grid_map_pcl/lib:/home/zech/catkin_ws_ios/devel_isolated/grid_map_octomap/lib:/home/zech/catkin_ws_ios/devel_isolated/grid_map_msgs/lib:/home/zech/catkin_ws_ios/devel_isolated/grid_map_cv/lib:/home/zech/catkin_ws_ios/devel_isolated/grid_map_costmap_2d/lib:/home/zech/catkin_ws_ios/devel_isolated/grid_map_core/lib:/opt/ros/kinetic/lib:/opt/ros/kinetic/lib/x86_64-linux-gnu:/usr/java/packages/lib/amd64:/usr/lib/x86_64-linux-gnu/jni:/lib/x86_64-linux-gnu:/usr/lib/x86_64-linux-gnu:/usr/lib/jni:/lib:/usr/lib] 
16:31:10.641 [main] INFO  o.a.c.c.C.[.[.[/cloudwalk/robot] - Initializing Spring embedded WebApplicationContext 
16:31:10.642 [main] INFO  o.s.web.context.ContextLoader - Root WebApplicationContext: initialization completed in 1351 ms 
16:31:10.851 [main] INFO  o.s.s.c.ThreadPoolTaskExecutor - Initializing ExecutorService 'applicationTaskExecutor' 
16:31:11.116 [main] INFO  o.s.b.w.e.tomcat.TomcatWebServer - Tomcat started on port(s): 8080 (http) with context path '/cloudwalk/robot' 
16:31:11.119 [main] INFO  com.cloudwalk.fire.RobotApplication - Started RobotApplication in 2.894 seconds (JVM running for 3.764) 
16:31:15.521 [http-nio-8080-exec-2] INFO  o.a.c.c.C.[.[.[/cloudwalk/robot] - Initializing Spring DispatcherServlet 'dispatcherServlet' 
16:31:15.521 [http-nio-8080-exec-2] INFO  o.s.web.servlet.DispatcherServlet - Initializing Servlet 'dispatcherServlet' 
16:31:15.527 [http-nio-8080-exec-2] INFO  o.s.web.servlet.DispatcherServlet - Completed initialization in 6 ms 
16:31:15.559 [http-nio-8080-exec-2] WARN  o.s.w.s.m.s.DefaultHandlerExceptionResolver - Resolved [org.springframework.web.HttpMediaTypeNotSupportedException: Content type 'text/plain;charset=UTF-8' not supported] 
16:31:34.808 [http-nio-8080-exec-3] WARN  o.s.w.s.m.s.DefaultHandlerExceptionResolver - Resolved [org.springframework.web.HttpMediaTypeNotSupportedException: Content type 'text/plain;charset=UTF-8' not supported] 
16:33:24.888 [http-nio-8080-exec-6] WARN  o.s.w.s.m.s.DefaultHandlerExceptionResolver - Resolved [org.springframework.web.HttpMediaTypeNotSupportedException: Content type 'application/x-www-form-urlencoded;charset=UTF-8' not supported] 
17:14:20.464 [Thread-4] INFO  o.s.s.c.ThreadPoolTaskExecutor - Shutting down ExecutorService 'applicationTaskExecutor' 
